[2025-09-30 20:47:06,126] INFO in production_logger: ============================================================
[2025-09-30 20:47:06,127] INFO in production_logger: SINCOR Platform Starting
[2025-09-30 20:47:06,127] INFO in production_logger: Log Level: INFO
[2025-09-30 20:47:06,127] INFO in production_logger: Environment: production
[2025-09-30 20:47:06,127] INFO in production_logger: ============================================================
[2025-09-30 20:48:16,384] INFO in production_logger: ============================================================
[2025-09-30 20:48:16,385] INFO in production_logger: SINCOR Platform Starting
[2025-09-30 20:48:16,385] INFO in production_logger: Log Level: INFO
[2025-09-30 20:48:16,385] INFO in production_logger: Environment: production
[2025-09-30 20:48:16,385] INFO in production_logger: ============================================================
[2025-09-30 20:49:56,235] INFO in production_logger: ============================================================
[2025-09-30 20:49:56,235] INFO in production_logger: SINCOR Platform Starting
[2025-09-30 20:49:56,235] INFO in production_logger: Log Level: INFO
[2025-09-30 20:49:56,235] INFO in production_logger: Environment: production
[2025-09-30 20:49:56,235] INFO in production_logger: ============================================================
[2025-09-30 20:51:40,341] INFO in production_logger: ============================================================
[2025-09-30 20:51:40,341] INFO in production_logger: SINCOR Platform Starting
[2025-09-30 20:51:40,341] INFO in production_logger: Log Level: INFO
[2025-09-30 20:51:40,341] INFO in production_logger: Environment: production
[2025-09-30 20:51:40,341] INFO in production_logger: ============================================================
[2025-09-30 20:51:41,099] INFO in production_logger: ============================================================
[2025-09-30 20:51:41,099] INFO in production_logger: SINCOR Platform Starting
[2025-09-30 20:51:41,099] INFO in production_logger: Log Level: INFO
[2025-09-30 20:51:41,099] INFO in production_logger: Environment: production
[2025-09-30 20:51:41,099] INFO in production_logger: ============================================================
[2025-09-30 20:54:17,876] INFO in production_logger: ============================================================
[2025-09-30 20:54:17,876] INFO in production_logger: SINCOR Platform Starting
[2025-09-30 20:54:17,876] INFO in production_logger: Log Level: INFO
[2025-09-30 20:54:17,876] INFO in production_logger: Environment: production
[2025-09-30 20:54:17,876] INFO in production_logger: ============================================================
[2025-09-30 20:56:25,518] INFO in production_logger: ============================================================
[2025-09-30 20:56:25,518] INFO in production_logger: SINCOR Platform Starting
[2025-09-30 20:56:25,518] INFO in production_logger: Log Level: INFO
[2025-09-30 20:56:25,518] INFO in production_logger: Environment: production
[2025-09-30 20:56:25,518] INFO in production_logger: ============================================================
[2025-09-30 20:57:18,691] INFO in production_logger: ============================================================
[2025-09-30 20:57:18,691] INFO in production_logger: SINCOR Platform Starting
[2025-09-30 20:57:18,691] INFO in production_logger: Log Level: INFO
[2025-09-30 20:57:18,691] INFO in production_logger: Environment: production
[2025-09-30 20:57:18,691] INFO in production_logger: ============================================================
[2025-09-30 20:58:01,191] INFO in production_logger: ============================================================
[2025-09-30 20:58:01,191] INFO in production_logger: SINCOR Platform Starting
[2025-09-30 20:58:01,191] INFO in production_logger: Log Level: INFO
[2025-09-30 20:58:01,191] INFO in production_logger: Environment: production
[2025-09-30 20:58:01,191] INFO in production_logger: ============================================================
[2025-09-30 21:01:47,786] INFO in production_logger: ============================================================
[2025-09-30 21:01:47,786] INFO in production_logger: SINCOR Platform Starting
[2025-09-30 21:01:47,786] INFO in production_logger: Log Level: INFO
[2025-09-30 21:01:47,786] INFO in production_logger: Environment: production
[2025-09-30 21:01:47,786] INFO in production_logger: ============================================================
[2025-09-30 21:01:47,796] INFO in production_logger: ============================================================
[2025-09-30 21:01:47,796] INFO in production_logger: SINCOR Platform Starting
[2025-09-30 21:01:47,796] INFO in production_logger: Log Level: INFO
[2025-09-30 21:01:47,796] INFO in production_logger: Environment: production
[2025-09-30 21:01:47,796] INFO in production_logger: ============================================================
[2025-09-30 21:04:00,801] INFO in production_logger: ============================================================
[2025-09-30 21:04:00,802] INFO in production_logger: SINCOR Platform Starting
[2025-09-30 21:04:00,802] INFO in production_logger: Log Level: INFO
[2025-09-30 21:04:00,802] INFO in production_logger: Environment: production
[2025-09-30 21:04:00,802] INFO in production_logger: ============================================================
[2025-09-30 21:04:00,817] INFO in production_logger: ============================================================
[2025-09-30 21:04:00,817] INFO in production_logger: SINCOR Platform Starting
[2025-09-30 21:04:00,817] INFO in production_logger: Log Level: INFO
[2025-09-30 21:04:00,817] INFO in production_logger: Environment: production
[2025-09-30 21:04:00,817] INFO in production_logger: ============================================================
[2025-09-30 21:54:52,748] INFO in production_logger: ============================================================
[2025-09-30 21:54:52,749] INFO in production_logger: SINCOR Platform Starting
[2025-09-30 21:54:52,750] INFO in production_logger: Log Level: INFO
[2025-09-30 21:54:52,750] INFO in production_logger: Environment: production
[2025-09-30 21:54:52,750] INFO in production_logger: ============================================================
[2025-10-01 05:50:06,590] INFO in production_logger: ============================================================
[2025-10-01 05:50:06,591] INFO in production_logger: SINCOR Platform Starting
[2025-10-01 05:50:06,592] INFO in production_logger: Log Level: INFO
[2025-10-01 05:50:06,592] INFO in production_logger: Environment: production
[2025-10-01 05:50:06,592] INFO in production_logger: ============================================================
[2025-10-01 05:51:19,291] WARNING in production_logger: POST /api/auth/login - 401
[2025-10-01 05:51:19,748] WARNING in production_logger: POST /api/auth/login - 401
[2025-10-01 05:51:20,041] WARNING in production_logger: POST /api/auth/login - 401
[2025-10-01 05:51:20,335] WARNING in production_logger: POST /api/auth/login - 401
[2025-10-01 05:51:20,606] WARNING in production_logger: POST /api/auth/login - 401
[2025-10-01 05:51:20,878] WARNING in production_logger: POST /api/auth/login - 429
[2025-10-01 05:53:07,543] WARNING in production_logger: GET /executive - 404
[2025-10-01 05:53:17,273] WARNING in production_logger: GET /executive - 404
[2025-10-01 05:53:44,528] WARNING in production_logger: GET /admin - 401
[2025-10-01 05:59:16,803] INFO in production_logger: ============================================================
[2025-10-01 05:59:16,803] INFO in production_logger: SINCOR Platform Starting
[2025-10-01 05:59:16,803] INFO in production_logger: Log Level: INFO
[2025-10-01 05:59:16,803] INFO in production_logger: Environment: production
[2025-10-01 05:59:16,803] INFO in production_logger: ============================================================
[2025-10-01 06:00:47,084] INFO in production_logger: ============================================================
[2025-10-01 06:00:47,084] INFO in production_logger: SINCOR Platform Starting
[2025-10-01 06:00:47,084] INFO in production_logger: Log Level: INFO
[2025-10-01 06:00:47,085] INFO in production_logger: Environment: production
[2025-10-01 06:00:47,085] INFO in production_logger: ============================================================
[2025-10-01 06:01:03,452] WARNING in production_logger: POST /api/waitlist - 400
[2025-10-01 06:01:22,216] ERROR in production_logger: Unhandled exception on GET /professional:
'metrics' is undefined
Traceback (most recent call last):
  File "C:\Users\cjay4\AppData\Roaming\Python\Python313\site-packages\flask\app.py", line 880, in full_dispatch_request
    rv = self.dispatch_request()
  File "C:\Users\cjay4\AppData\Roaming\Python\Python313\site-packages\flask\app.py", line 865, in dispatch_request
    return self.ensure_sync(self.view_functions[rule.endpoint])(**view_args)  # type: ignore[no-any-return]
           ~~~~~~~~~~~~~~~~~~~~~~~~~~~~~~~~~~~~~~~~~~~~~~~~~~~~^^^^^^^^^^^^^
  File "C:\Users\cjay4\OneDrive\Desktop\SINCOR2\app.py", line 462, in professional_dashboard
    return render_template('professional_dashboard.html')
  File "C:\Users\cjay4\AppData\Roaming\Python\Python313\site-packages\flask\templating.py", line 150, in render_template
    return _render(app, template, context)
  File "C:\Users\cjay4\AppData\Roaming\Python\Python313\site-packages\flask\templating.py", line 131, in _render
    rv = template.render(context)
  File "C:\Users\cjay4\AppData\Roaming\Python\Python313\site-packages\jinja2\environment.py", line 1295, in render
    self.environment.handle_exception()
    ~~~~~~~~~~~~~~~~~~~~~~~~~~~~~~~~~^^
  File "C:\Users\cjay4\AppData\Roaming\Python\Python313\site-packages\jinja2\environment.py", line 942, in handle_exception
    raise rewrite_traceback_stack(source=source)
  File "C:\Users\cjay4\OneDrive\Desktop\SINCOR2\templates\professional_dashboard.html", line 50, in top-level template code
    <p class="text-2xl font-bold text-blue-600">{{ metrics.new_leads_today }}</p>
    ^^^^^
  File "C:\Users\cjay4\AppData\Roaming\Python\Python313\site-packages\jinja2\environment.py", line 490, in getattr
    return getattr(obj, attribute)
jinja2.exceptions.UndefinedError: 'metrics' is undefined
[2025-10-01 06:01:22,257] WARNING in production_logger: GET /professional - 500
[2025-10-01 06:02:45,507] WARNING in production_logger: GET /admin-dashboard - 401
[2025-10-01 06:05:56,533] INFO in production_logger: ============================================================
[2025-10-01 06:05:56,533] INFO in production_logger: SINCOR Platform Starting
[2025-10-01 06:05:56,534] INFO in production_logger: Log Level: INFO
[2025-10-01 06:05:56,534] INFO in production_logger: Environment: production
[2025-10-01 06:05:56,534] INFO in production_logger: ============================================================
[2025-10-01 06:06:07,753] ERROR in production_logger: Unhandled exception on GET /professional:
'metrics' is undefined
Traceback (most recent call last):
  File "C:\Users\cjay4\AppData\Roaming\Python\Python313\site-packages\flask\app.py", line 880, in full_dispatch_request
    rv = self.dispatch_request()
  File "C:\Users\cjay4\AppData\Roaming\Python\Python313\site-packages\flask\app.py", line 865, in dispatch_request
    return self.ensure_sync(self.view_functions[rule.endpoint])(**view_args)  # type: ignore[no-any-return]
           ~~~~~~~~~~~~~~~~~~~~~~~~~~~~~~~~~~~~~~~~~~~~~~~~~~~~^^^^^^^^^^^^^
  File "C:\Users\cjay4\OneDrive\Desktop\SINCOR2\app.py", line 462, in professional_dashboard
    return render_template('professional_dashboard.html')
  File "C:\Users\cjay4\AppData\Roaming\Python\Python313\site-packages\flask\templating.py", line 150, in render_template
    return _render(app, template, context)
  File "C:\Users\cjay4\AppData\Roaming\Python\Python313\site-packages\flask\templating.py", line 131, in _render
    rv = template.render(context)
  File "C:\Users\cjay4\AppData\Roaming\Python\Python313\site-packages\jinja2\environment.py", line 1295, in render
    self.environment.handle_exception()
    ~~~~~~~~~~~~~~~~~~~~~~~~~~~~~~~~~^^
  File "C:\Users\cjay4\AppData\Roaming\Python\Python313\site-packages\jinja2\environment.py", line 942, in handle_exception
    raise rewrite_traceback_stack(source=source)
  File "C:\Users\cjay4\OneDrive\Desktop\SINCOR2\templates\professional_dashboard.html", line 50, in top-level template code
    <p class="text-2xl font-bold text-blue-600">{{ metrics.new_leads_today }}</p>
    ^^^^^
  File "C:\Users\cjay4\AppData\Roaming\Python\Python313\site-packages\jinja2\environment.py", line 490, in getattr
    return getattr(obj, attribute)
jinja2.exceptions.UndefinedError: 'metrics' is undefined
[2025-10-01 06:06:07,758] WARNING in production_logger: GET /professional - 500
[2025-10-01 06:06:55,835] INFO in production_logger: ============================================================
[2025-10-01 06:06:55,836] INFO in production_logger: SINCOR Platform Starting
[2025-10-01 06:06:55,836] INFO in production_logger: Log Level: INFO
[2025-10-01 06:06:55,836] INFO in production_logger: Environment: production
[2025-10-01 06:06:55,836] INFO in production_logger: ============================================================
[2025-10-01 06:07:10,614] ERROR in production_logger: Unhandled exception on GET /professional:
'agents' is undefined
Traceback (most recent call last):
  File "C:\Users\cjay4\AppData\Roaming\Python\Python313\site-packages\flask\app.py", line 880, in full_dispatch_request
    rv = self.dispatch_request()
  File "C:\Users\cjay4\AppData\Roaming\Python\Python313\site-packages\flask\app.py", line 865, in dispatch_request
    return self.ensure_sync(self.view_functions[rule.endpoint])(**view_args)  # type: ignore[no-any-return]
           ~~~~~~~~~~~~~~~~~~~~~~~~~~~~~~~~~~~~~~~~~~~~~~~~~~~~^^^^^^^^^^^^^
  File "C:\Users\cjay4\OneDrive\Desktop\SINCOR2\app.py", line 483, in professional_dashboard
    return render_template('professional_dashboard.html', **mock_data)
  File "C:\Users\cjay4\AppData\Roaming\Python\Python313\site-packages\flask\templating.py", line 150, in render_template
    return _render(app, template, context)
  File "C:\Users\cjay4\AppData\Roaming\Python\Python313\site-packages\flask\templating.py", line 131, in _render
    rv = template.render(context)
  File "C:\Users\cjay4\AppData\Roaming\Python\Python313\site-packages\jinja2\environment.py", line 1295, in render
    self.environment.handle_exception()
    ~~~~~~~~~~~~~~~~~~~~~~~~~~~~~~~~~^^
  File "C:\Users\cjay4\AppData\Roaming\Python\Python313\site-packages\jinja2\environment.py", line 942, in handle_exception
    raise rewrite_traceback_stack(source=source)
  File "C:\Users\cjay4\OneDrive\Desktop\SINCOR2\templates\professional_dashboard.html", line 125, in top-level template code
    <div class="text-3xl font-bold text-green-600 mb-2">{{ agents.coordination_score }}/100</div>
    ^
  File "C:\Users\cjay4\AppData\Roaming\Python\Python313\site-packages\jinja2\environment.py", line 490, in getattr
    return getattr(obj, attribute)
jinja2.exceptions.UndefinedError: 'agents' is undefined
[2025-10-01 06:07:10,619] WARNING in production_logger: GET /professional - 500
[2025-10-01 06:07:42,313] INFO in production_logger: ============================================================
[2025-10-01 06:07:42,313] INFO in production_logger: SINCOR Platform Starting
[2025-10-01 06:07:42,313] INFO in production_logger: Log Level: INFO
[2025-10-01 06:07:42,313] INFO in production_logger: Environment: production
[2025-10-01 06:07:42,313] INFO in production_logger: ============================================================
[2025-10-01 06:12:23,296] INFO in production_logger: ============================================================
[2025-10-01 06:12:23,296] INFO in production_logger: SINCOR Platform Starting
[2025-10-01 06:12:23,296] INFO in production_logger: Log Level: INFO
[2025-10-01 06:12:23,296] INFO in production_logger: Environment: production
[2025-10-01 06:12:23,296] INFO in production_logger: ============================================================
[2025-10-01 06:12:39,091] WARNING in production_logger: POST /api/waitlist - 400
[2025-10-01 06:12:43,068] INFO in production_logger: ============================================================
[2025-10-01 06:12:43,068] INFO in production_logger: SINCOR Platform Starting
[2025-10-01 06:12:43,068] INFO in production_logger: Log Level: INFO
[2025-10-01 06:12:43,068] INFO in production_logger: Environment: production
[2025-10-01 06:12:43,068] INFO in production_logger: ============================================================
[2025-10-01 06:16:36,919] INFO in production_logger: ============================================================
[2025-10-01 06:16:36,919] INFO in production_logger: SINCOR Platform Starting
[2025-10-01 06:16:36,919] INFO in production_logger: Log Level: INFO
[2025-10-01 06:16:36,919] INFO in production_logger: Environment: production
[2025-10-01 06:16:36,919] INFO in production_logger: ============================================================
